<?xml version="1.0" encoding="UTF-8"?>
<testsuites name="TS_Amazon_search_03" time="48.428" tests="1" failures="0" errors="0">
   <testsuite name="TS_Amazon_search_03" tests="1" failures="0" errors="0" time="48.428" skipped="0" timestamp="26-01-2024T14:10:01" hostname="jithe - LAPTOP-O9IA4MJC" id="Test Suites/TS_Amazon_search_03">
      <properties>
         <property name="deviceName" value=""/>
         <property name="devicePlatform" value=""/>
         <property name="logFolder" value="C:\\Users\\jithe\\git\\Amazon_Testing_Katalon\\Reports\\20240126_140951\\TS_Amazon_search_03\\20240126_140951"/>
         <property name="logFiles" value="C:\\Users\\jithe\\git\\Amazon_Testing_Katalon\\Reports\\20240126_140951\\TS_Amazon_search_03\\20240126_140951\\execution0.log"/>
         <property name="attachments" value=""/>
         <property name="hostName" value="jithe - LAPTOP-O9IA4MJC"/>
         <property name="os" value="Windows 11 64bit"/>
         <property name="katalonVersion" value="9.2.0.212"/>
         <property name="browser" value="Chrome 120.0.0.0"/>
         <property name="hostAddress" value="192.168.56.1"/>
         <property name="sessionId" value="e80a60948fbebd4eab2e92b3d72df0f0"/>
         <property name="seleniumVersion" value="3.141.59"/>
         <property name="proxyInformation" value="ProxyInformation { proxyOption=NO_PROXY, proxyServerType=HTTP, username=, password=********, proxyServerAddress=, proxyServerPort=0, executionList=&quot;&quot;, isApplyToDesiredCapabilities=true }"/>
         <property name="platform" value="Windows 11"/>
      </properties>
      <testcase name="Test Cases/TC_Amazon_Serach_03" time="48.214" classname="Test Cases/TC_Amazon_Serach_03" status="PASSED">
         <system-out><![CDATA[26-01-2024T14:10:02 - [TEST_CASE][PASSED] - Test Cases/TC_Amazon_Serach_03: Test Cases/TC_Amazon_Serach_03

26-01-2024T14:10:02 - [TEST_STEP][PASSED] - openBrowser(""): Browser is opened with url: ''

26-01-2024T14:10:02 - [MESSAGE][INFO] - Starting 'Chrome' driver

26-01-2024T14:10:02 - [MESSAGE][INFO] - Action delay is set to 0 milliseconds

26-01-2024T14:10:04 - [MESSAGE][PASSED] - Browser is opened with url: ''

26-01-2024T14:10:04 - [TEST_STEP][PASSED] - navigateToUrl("https://www.amazon.com/"): Navigate to 'https://www.amazon.com/' successfully

26-01-2024T14:10:07 - [MESSAGE][PASSED] - Navigate to 'https://www.amazon.com/' successfully

26-01-2024T14:10:07 - [TEST_STEP][PASSED] - click(findTestObject("Object Repository/Amazon_Serach_OR_03/Page_Amazon.com. Spend less. Smile more/span_Hello, sign in")): Object: 'Object Repository/Amazon_Serach_OR_03/Page_Amazon.com. Spend less. Smile more/span_Hello, sign in' is clicked on

26-01-2024T14:10:23 - [MESSAGE][PASSED] - Object: 'Object Repository/Amazon_Serach_OR_03/Page_Amazon.com. Spend less. Smile more/span_Hello, sign in' is clicked on

26-01-2024T14:10:23 - [TEST_STEP][PASSED] - setText(findTestObject("Object Repository/Amazon_Serach_OR_03/Page_Amazon Sign-In/input_email"), "tejasreesanapathi06@gmail.com"): Text 'tejasreesanapathi06@gmail.com' is set on object 'Object Repository/Amazon_Serach_OR_03/Page_Amazon Sign-In/input_email'

26-01-2024T14:10:24 - [MESSAGE][PASSED] - Text 'tejasreesanapathi06@gmail.com' is set on object 'Object Repository/Amazon_Serach_OR_03/Page_Amazon Sign-In/input_email'

26-01-2024T14:10:24 - [TEST_STEP][PASSED] - click(findTestObject("Object Repository/Amazon_Serach_OR_03/Page_Amazon Sign-In/inputcontinue")): Object: 'Object Repository/Amazon_Serach_OR_03/Page_Amazon Sign-In/inputcontinue' is clicked on

26-01-2024T14:10:28 - [MESSAGE][PASSED] - Object: 'Object Repository/Amazon_Serach_OR_03/Page_Amazon Sign-In/inputcontinue' is clicked on

26-01-2024T14:10:28 - [TEST_STEP][PASSED] - setEncryptedText(findTestObject("Object Repository/Amazon_Serach_OR_03/Page_Amazon Sign-In/input_password"), "TrInCDu1Asc="): Text ****** has been set on object 'Object Repository/Amazon_Serach_OR_03/Page_Amazon Sign-In/input_password'

26-01-2024T14:10:29 - [MESSAGE][PASSED] - Text ****** has been set on object 'Object Repository/Amazon_Serach_OR_03/Page_Amazon Sign-In/input_password'

26-01-2024T14:10:29 - [TEST_STEP][PASSED] - click(findTestObject("Object Repository/Amazon_Serach_OR_03/Page_Amazon Sign-In/inputsignInSubmit")): Object: 'Object Repository/Amazon_Serach_OR_03/Page_Amazon Sign-In/inputsignInSubmit' is clicked on

26-01-2024T14:10:29 - [MESSAGE][PASSED] - Object: 'Object Repository/Amazon_Serach_OR_03/Page_Amazon Sign-In/inputsignInSubmit' is clicked on

26-01-2024T14:10:29 - [TEST_STEP][PASSED] - setText(findTestObject("Object Repository/Amazon_Serach_OR_03/Page_Amazon.com. Spend less. Smile more/input_field-keywords"), Book): Text '' is set on object 'Object Repository/Amazon_Serach_OR_03/Page_Amazon.com. Spend less. Smile more/input_field-keywords'

26-01-2024T14:10:43 - [MESSAGE][PASSED] - Text '' is set on object 'Object Repository/Amazon_Serach_OR_03/Page_Amazon.com. Spend less. Smile more/input_field-keywords'

26-01-2024T14:10:43 - [TEST_STEP][PASSED] - click(findTestObject("Object Repository/Amazon_Serach_OR_03/Page_Amazon.com. Spend less. Smile more/inputnav-search-submit-button")): Object: 'Object Repository/Amazon_Serach_OR_03/Page_Amazon.com. Spend less. Smile more/inputnav-search-submit-button' is clicked on

26-01-2024T14:10:50 - [MESSAGE][PASSED] - Object: 'Object Repository/Amazon_Serach_OR_03/Page_Amazon.com. Spend less. Smile more/inputnav-search-submit-button' is clicked on

26-01-2024T14:10:50 - [TEST_STEP][PASSED] - closeBrowser(): Browser is closed

26-01-2024T14:10:50 - [MESSAGE][PASSED] - Browser is closed]]></system-out>
         <system-err><![CDATA[]]></system-err>
      </testcase>
      <system-out><![CDATA[26-01-2024T14:10:01 - [TEST_SUITE][PASSED] - TS_Amazon_search_03: Test Cases/TC_Amazon_Serach_03]]></system-out>
      <system-err><![CDATA[]]></system-err>
   </testsuite>
</testsuites>
