<?xml version="1.0" encoding="UTF-8"?>
<testsuites name="TS_Amazon_location_02" time="1.42" tests="0" failures="0" errors="0">
   <testsuite name="TS_Amazon_location_02" tests="0" failures="0" errors="0" time="1.42" skipped="0" timestamp="31-01-2024T13:57:59" hostname="jithe - LAPTOP-O9IA4MJC" id="Test Suites/TS_Amazon_location_02">
      <properties>
         <property name="deviceName" value=""/>
         <property name="devicePlatform" value=""/>
         <property name="logFolder" value="C:\\Users\\jithe\\git\\Amazon_Testing_Katalon\\Reports\\20240131_135034\\TS_Amazon_location_02\\20240131_135101"/>
         <property name="logFiles" value="C:\\Users\\jithe\\git\\Amazon_Testing_Katalon\\Reports\\20240131_135034\\TS_Amazon_location_02\\20240131_135101\\execution0.log"/>
         <property name="attachments" value=""/>
         <property name="hostName" value="jithe - LAPTOP-O9IA4MJC"/>
         <property name="hostAddress" value="192.168.56.1"/>
         <property name="os" value="Windows 11 64bit"/>
         <property name="katalonVersion" value="9.2.0.212"/>
      </properties>
      <system-out><![CDATA[31-01-2024T13:57:59 - [TEST_SUITE][PASSED] - TS_Amazon_location_02: null]]></system-out>
      <system-err><![CDATA[]]></system-err>
   </testsuite>
</testsuites>
