<?xml version="1.0" encoding="UTF-8"?>
<testsuites name="TS_Amazon_category" time="1.403" tests="0" failures="0" errors="0">
   <testsuite name="TS_Amazon_category" tests="0" failures="0" errors="0" time="1.403" skipped="0" timestamp="31-01-2024T13:41:04" hostname="jithe - LAPTOP-O9IA4MJC" id="Test Suites/TS_Amazon_category">
      <properties>
         <property name="deviceName" value=""/>
         <property name="devicePlatform" value=""/>
         <property name="logFolder" value="C:\\Users\\jithe\\git\\Amazon_Testing_Katalon\\Reports\\20240131_134055\\TS_Amazon_category\\20240131_134055"/>
         <property name="logFiles" value="C:\\Users\\jithe\\git\\Amazon_Testing_Katalon\\Reports\\20240131_134055\\TS_Amazon_category\\20240131_134055\\execution0.log"/>
         <property name="attachments" value=""/>
         <property name="hostName" value="jithe - LAPTOP-O9IA4MJC"/>
         <property name="hostAddress" value="192.168.56.1"/>
         <property name="os" value="Windows 11 64bit"/>
         <property name="katalonVersion" value="9.2.0.212"/>
      </properties>
      <system-out><![CDATA[31-01-2024T13:41:04 - [TEST_SUITE][PASSED] - TS_Amazon_category: null]]></system-out>
      <system-err><![CDATA[]]></system-err>
   </testsuite>
</testsuites>
